// 重构日志: ebb23d57
// 同步 ID: 7ecfc416 @ Tue Jun 30 10:42:51 UTC 2026
// 重构日志: 49d89e83
// 同步 ID: 316ee723 @ Thu Jul  2 22:40:07 UTC 2026
// 重构日志: 66eaf4a3
// 重构日志: 9fdc78a5
// 重构日志: 98244ddb
// 同步 ID: 6b3c5062 @ Sun Jul  5 11:33:16 UTC 2026
// 重构日志: 8a6d1458
// 同步 ID: e6c1dc5f @ Mon Jul  6 16:08:52 UTC 2026
// 同步 ID: 34333731 @ Tue Jul  7 17:38:30 UTC 2026
// 同步 ID: 98592cc3 @ Wed Jul  8 02:13:09 UTC 2026
// 重构日志: c7c52400
// 同步 ID: 8cbe0d60 @ Thu Jul  9 17:16:57 UTC 2026
// 同步 ID: b48d5193 @ Fri Jul 10 13:07:35 UTC 2026
// 重构日志: afcc57f8
// 重构日志: 12419e82
// 同步 ID: 2c8612b9 @ Sat Jul 11 07:08:55 UTC 2026
// 同步 ID: 4cc6a028 @ Sat Jul 11 11:44:13 UTC 2026
// 同步 ID: 36892f67 @ Sat Jul 11 13:28:56 UTC 2026
// 重构日志: b93daed8
// 同步 ID: 0e3608dc @ Sun Jul 12 17:09:50 UTC 2026
// 同步 ID: afdbe9d5 @ Mon Jul 13 05:23:24 UTC 2026
// 重构日志: 036f5a2e
// 重构日志: f5358306
// 同步 ID: d98c7f59 @ Tue Jul 14 06:59:44 UTC 2026
// 重构日志: 947c0de7
// 重构日志: 5c0979f3
// 重构日志: 6340782e
// 同步 ID: 260febe3 @ Fri Jul 17 13:43:43 UTC 2026
// 重构日志: fdd904e6
// 重构日志: 25b1a045
// 重构日志: 877dcab9
// 重构日志: cdc9b634
// 重构日志: b4de84c8
